


ARM Macro Assembler    Page 1 


    1 00000000         ; lightsASM.s
    2 00000000         ; Contains code that generates control signals for WS281
                       2 LEDs.
    3 00000000         
    4 00000000         ; This file is part of Dreamer Head TestBuild0010.
    5 00000000         ; Travis Llado, travis@travisllado.com
    6 00000000         ; Last modified 2016.09.19
    7 00000000         
    8 00000000 400060C0 
                       LEDS    EQU              0x400060C0  ; access PC4-5
    9 00000000 00000030 
                       PINSHIGH
                               EQU              0x00000030  ; write PC4-5 high
   10 00000000 00000000 
                       PINSLOW EQU              0x00000000  ; write PC4-5 low
   11 00000000 00000028 
                       NUMLEDS EQU              0x00000028  ; number of WS2812 
                                                            LEDs in series
   12 00000000         
   13 00000000                 AREA             |.text|, CODE, READONLY, ALIGN=
2
   14 00000000                 THUMB
   15 00000000                 EXPORT           orangeLights
   16 00000000                 EXPORT           blueLights
   17 00000000         
   18 00000000         zeroPulse                            ; generate 0 pulse 
                                                            (0.5us high, 2.0us 
                                                            low)
   19 00000000 6001            STR              R1, [R0]    ; set PC4-5 high
   20 00000002 BF00            NOP                          ; no operation
   21 00000004 BF00            NOP                          ; no operation
   22 00000006 BF00            NOP                          ; no operation
   23 00000008 BF00            NOP                          ; no operation
   24 0000000A BF00            NOP                          ; no operation
   25 0000000C BF00            NOP                          ; no operation
   26 0000000E BF00            NOP                          ; no operation
   27 00000010 BF00            NOP                          ; no operation
   28 00000012 BF00            NOP                          ; no operation
   29 00000014 BF00            NOP                          ; no operation
   30 00000016 BF00            NOP                          ; no operation
   31 00000018 BF00            NOP                          ; no operation
   32 0000001A BF00            NOP                          ; no operation
   33 0000001C BF00            NOP                          ; no operation
   34 0000001E BF00            NOP                          ; no operation
   35 00000020 BF00            NOP                          ; no operation
   36 00000022 BF00            NOP                          ; no operation
   37 00000024 BF00            NOP                          ; no operation
   38 00000026 BF00            NOP                          ; no operation
   39 00000028 6002            STR              R2, [R0]    ; set PC4-5 low
   40 0000002A BF00            NOP                          ; no operation
   41 0000002C BF00            NOP                          ; no operation
   42 0000002E BF00            NOP                          ; no operation
   43 00000030 BF00            NOP                          ; no operation
   44 00000032 BF00            NOP                          ; no operation
   45 00000034 BF00            NOP                          ; no operation
   46 00000036 BF00            NOP                          ; no operation
   47 00000038 BF00            NOP                          ; no operation
   48 0000003A BF00            NOP                          ; no operation
   49 0000003C BF00            NOP                          ; no operation



ARM Macro Assembler    Page 2 


   50 0000003E BF00            NOP                          ; no operation
   51 00000040 BF00            NOP                          ; no operation
   52 00000042 BF00            NOP                          ; no operation
   53 00000044 BF00            NOP                          ; no operation
   54 00000046 BF00            NOP                          ; no operation
   55 00000048 BF00            NOP                          ; no operation
   56 0000004A BF00            NOP                          ; no operation
   57 0000004C BF00            NOP                          ; no operation
   58 0000004E BF00            NOP                          ; no operation
   59 00000050 BF00            NOP                          ; no operation
   60 00000052 BF00            NOP                          ; no operation
   61 00000054 BF00            NOP                          ; no operation
   62 00000056 BF00            NOP                          ; no operation
   63 00000058 BF00            NOP                          ; no operation
   64 0000005A BF00            NOP                          ; no operation
   65 0000005C BF00            NOP                          ; no operation
   66 0000005E BF00            NOP                          ; no operation
   67 00000060 BF00            NOP                          ; no operation
   68 00000062 BF00            NOP                          ; no operation
   69 00000064 BF00            NOP                          ; no operation
   70 00000066 BF00            NOP                          ; no operation
   71 00000068 BF00            NOP                          ; no operation
   72 0000006A BF00            NOP                          ; no operation
   73 0000006C BF00            NOP                          ; no operation
   74 0000006E BF00            NOP                          ; no operation
   75 00000070 BF00            NOP                          ; no operation
   76 00000072 BF00            NOP                          ; no operation
   77 00000074 BF00            NOP                          ; no operation
   78 00000076 BF00            NOP                          ; no operation
   79 00000078 BF00            NOP                          ; no operation
   80 0000007A BF00            NOP                          ; no operation
   81 0000007C BF00            NOP                          ; no operation
   82 0000007E BF00            NOP                          ; no operation
   83 00000080 BF00            NOP                          ; no operation
   84 00000082 BF00            NOP                          ; no operation
   85 00000084 BF00            NOP                          ; no operation
   86 00000086 BF00            NOP                          ; no operation
   87 00000088 BF00            NOP                          ; no operation
   88 0000008A BF00            NOP                          ; no operation
   89 0000008C BF00            NOP                          ; no operation
   90 0000008E BF00            NOP                          ; no operation
   91 00000090 BF00            NOP                          ; no operation
   92 00000092 BF00            NOP                          ; no operation
   93 00000094 BF00            NOP                          ; no operation
   94 00000096 BF00            NOP                          ; no operation
   95 00000098 BF00            NOP                          ; no operation
   96 0000009A BF00            NOP                          ; no operation
   97 0000009C BF00            NOP                          ; no operation
   98 0000009E BF00            NOP                          ; no operation
   99 000000A0 BF00            NOP                          ; no operation
  100 000000A2 BF00            NOP                          ; no operation
  101 000000A4 BF00            NOP                          ; no operation
  102 000000A6 BF00            NOP                          ; no operation
  103 000000A8 BF00            NOP                          ; no operation
  104 000000AA BF00            NOP                          ; no operation
  105 000000AC BF00            NOP                          ; no operation
  106 000000AE BF00            NOP                          ; no operation
  107 000000B0 BF00            NOP                          ; no operation
  108 000000B2 BF00            NOP                          ; no operation



ARM Macro Assembler    Page 3 


  109 000000B4 BF00            NOP                          ; no operation
  110 000000B6 4770            BX               LR          ; return
  111 000000B8         
  112 000000B8         onePulse                             ; generate 1 pulse 
                                                            (1.2us high, 1.3us 
                                                            low)
  113 000000B8 6001            STR              R1, [R0]    ; set PC4-5 high
  114 000000BA BF00            NOP                          ; no operation
  115 000000BC BF00            NOP                          ; no operation
  116 000000BE BF00            NOP                          ; no operation
  117 000000C0 BF00            NOP                          ; no operation
  118 000000C2 BF00            NOP                          ; no operation
  119 000000C4 BF00            NOP                          ; no operation
  120 000000C6 BF00            NOP                          ; no operation
  121 000000C8 BF00            NOP                          ; no operation
  122 000000CA BF00            NOP                          ; no operation
  123 000000CC BF00            NOP                          ; no operation
  124 000000CE BF00            NOP                          ; no operation
  125 000000D0 BF00            NOP                          ; no operation
  126 000000D2 BF00            NOP                          ; no operation
  127 000000D4 BF00            NOP                          ; no operation
  128 000000D6 BF00            NOP                          ; no operation
  129 000000D8 BF00            NOP                          ; no operation
  130 000000DA BF00            NOP                          ; no operation
  131 000000DC BF00            NOP                          ; no operation
  132 000000DE BF00            NOP                          ; no operation
  133 000000E0 BF00            NOP                          ; no operation
  134 000000E2 BF00            NOP                          ; no operation
  135 000000E4 BF00            NOP                          ; no operation
  136 000000E6 BF00            NOP                          ; no operation
  137 000000E8 BF00            NOP                          ; no operation
  138 000000EA BF00            NOP                          ; no operation
  139 000000EC BF00            NOP                          ; no operation
  140 000000EE BF00            NOP                          ; no operation
  141 000000F0 BF00            NOP                          ; no operation
  142 000000F2 BF00            NOP                          ; no operation
  143 000000F4 BF00            NOP                          ; no operation
  144 000000F6 BF00            NOP                          ; no operation
  145 000000F8 BF00            NOP                          ; no operation
  146 000000FA BF00            NOP                          ; no operation
  147 000000FC BF00            NOP                          ; no operation
  148 000000FE BF00            NOP                          ; no operation
  149 00000100 BF00            NOP                          ; no operation
  150 00000102 BF00            NOP                          ; no operation
  151 00000104 BF00            NOP                          ; no operation
  152 00000106 BF00            NOP                          ; no operation
  153 00000108 BF00            NOP                          ; no operation
  154 0000010A BF00            NOP                          ; no operation
  155 0000010C BF00            NOP                          ; no operation
  156 0000010E BF00            NOP                          ; no operation
  157 00000110 BF00            NOP                          ; no operation
  158 00000112 BF00            NOP                          ; no operation
  159 00000114 BF00            NOP                          ; no operation
  160 00000116 6002            STR              R2, [R0]    ; set PC4-5 low
  161 00000118 BF00            NOP                          ; no operation
  162 0000011A BF00            NOP                          ; no operation
  163 0000011C BF00            NOP                          ; no operation
  164 0000011E BF00            NOP                          ; no operation
  165 00000120 BF00            NOP                          ; no operation



ARM Macro Assembler    Page 4 


  166 00000122 BF00            NOP                          ; no operation
  167 00000124 BF00            NOP                          ; no operation
  168 00000126 BF00            NOP                          ; no operation
  169 00000128 BF00            NOP                          ; no operation
  170 0000012A BF00            NOP                          ; no operation
  171 0000012C BF00            NOP                          ; no operation
  172 0000012E BF00            NOP                          ; no operation
  173 00000130 BF00            NOP                          ; no operation
  174 00000132 BF00            NOP                          ; no operation
  175 00000134 BF00            NOP                          ; no operation
  176 00000136 BF00            NOP                          ; no operation
  177 00000138 BF00            NOP                          ; no operation
  178 0000013A BF00            NOP                          ; no operation
  179 0000013C BF00            NOP                          ; no operation
  180 0000013E BF00            NOP                          ; no operation
  181 00000140 BF00            NOP                          ; no operation
  182 00000142 BF00            NOP                          ; no operation
  183 00000144 BF00            NOP                          ; no operation
  184 00000146 BF00            NOP                          ; no operation
  185 00000148 BF00            NOP                          ; no operation
  186 0000014A BF00            NOP                          ; no operation
  187 0000014C BF00            NOP                          ; no operation
  188 0000014E BF00            NOP                          ; no operation
  189 00000150 BF00            NOP                          ; no operation
  190 00000152 BF00            NOP                          ; no operation
  191 00000154 BF00            NOP                          ; no operation
  192 00000156 BF00            NOP                          ; no operation
  193 00000158 BF00            NOP                          ; no operation
  194 0000015A BF00            NOP                          ; no operation
  195 0000015C BF00            NOP                          ; no operation
  196 0000015E BF00            NOP                          ; no operation
  197 00000160 BF00            NOP                          ; no operation
  198 00000162 BF00            NOP                          ; no operation
  199 00000164 BF00            NOP                          ; no operation
  200 00000166 BF00            NOP                          ; no operation
  201 00000168 BF00            NOP                          ; no operation
  202 0000016A BF00            NOP                          ; no operation
  203 0000016C BF00            NOP                          ; no operation
  204 0000016E 4770            BX               LR          ; return
  205 00000170         
  206 00000170         orangeLED                            ; generate signal f
                                                            or single orange LE
                                                            D
  207 00000170 B500            PUSH             {LR}        ; store initial lin
                                                            k register
  208 00000172         ; green (0x0F)
  209 00000172 F7FF FF45       BL               zeroPulse   ; produce zero puls
                                                            e
  210 00000176 F7FF FF43       BL               zeroPulse   ; produce zero puls
                                                            e
  211 0000017A F7FF FF41       BL               zeroPulse   ; produce zero puls
                                                            e
  212 0000017E F7FF FF3F       BL               zeroPulse   ; produce zero puls
                                                            e
  213 00000182 F7FF FF99       BL               onePulse    ; produce one pulse
                                                            
  214 00000186 F7FF FF97       BL               onePulse    ; produce one pulse
                                                            
  215 0000018A F7FF FF95       BL               onePulse    ; produce one pulse



ARM Macro Assembler    Page 5 


                                                            
  216 0000018E F7FF FF93       BL               onePulse    ; produce one pulse
                                                            
  217 00000192         ; red (0x1F)
  218 00000192 F7FF FF35       BL               zeroPulse   ; produce zero puls
                                                            e
  219 00000196 F7FF FF33       BL               zeroPulse   ; produce zero puls
                                                            e
  220 0000019A F7FF FF31       BL               zeroPulse   ; produce zero puls
                                                            e
  221 0000019E F7FF FF8B       BL               onePulse    ; produce one pulse
                                                            
  222 000001A2 F7FF FF89       BL               onePulse    ; produce one pulse
                                                            
  223 000001A6 F7FF FF87       BL               onePulse    ; produce one pulse
                                                            
  224 000001AA F7FF FF85       BL               onePulse    ; produce one pulse
                                                            
  225 000001AE F7FF FF83       BL               onePulse    ; produce one pulse
                                                            
  226 000001B2         ; blue (0x00)
  227 000001B2 F7FF FF25       BL               zeroPulse   ; produce zero puls
                                                            e
  228 000001B6 F7FF FF23       BL               zeroPulse   ; produce zero puls
                                                            e
  229 000001BA F7FF FF21       BL               zeroPulse   ; produce zero puls
                                                            e
  230 000001BE F7FF FF1F       BL               zeroPulse   ; produce zero puls
                                                            e
  231 000001C2 F7FF FF1D       BL               zeroPulse   ; produce zero puls
                                                            e
  232 000001C6 F7FF FF1B       BL               zeroPulse   ; produce zero puls
                                                            e
  233 000001CA F7FF FF19       BL               zeroPulse   ; produce zero puls
                                                            e
  234 000001CE F7FF FF17       BL               zeroPulse   ; produce zero puls
                                                            e
  235 000001D2 F85D EB04       POP              {LR}        ; restore initial l
                                                            ink register
  236 000001D6 4770            BX               LR          ; return
  237 000001D8         
  238 000001D8         blueLED                              ; generate signal f
                                                            or single blue LED
  239 000001D8 B500            PUSH             {LR}        ; store initial lin
                                                            k register
  240 000001DA         ; green (0x00)
  241 000001DA F7FF FF11       BL               zeroPulse   ; produce zero puls
                                                            e
  242 000001DE F7FF FF0F       BL               zeroPulse   ; produce zero puls
                                                            e
  243 000001E2 F7FF FF0D       BL               zeroPulse   ; produce zero puls
                                                            e
  244 000001E6 F7FF FF0B       BL               zeroPulse   ; produce zero puls
                                                            e
  245 000001EA F7FF FF65       BL               onePulse    ; produce one pulse
                                                            
  246 000001EE F7FF FF63       BL               onePulse    ; produce one pulse
                                                            
  247 000001F2 F7FF FF61       BL               onePulse    ; produce one pulse



ARM Macro Assembler    Page 6 


                                                            
  248 000001F6 F7FF FF5F       BL               onePulse    ; produce one pulse
                                                            
  249 000001FA         ; red (0x1F)
  250 000001FA F7FF FF01       BL               zeroPulse   ; produce zero puls
                                                            e
  251 000001FE F7FF FEFF       BL               zeroPulse   ; produce zero puls
                                                            e
  252 00000202 F7FF FEFD       BL               zeroPulse   ; produce zero puls
                                                            e
  253 00000206 F7FF FEFB       BL               zeroPulse   ; produce zero puls
                                                            e
  254 0000020A F7FF FEF9       BL               zeroPulse   ; produce zero puls
                                                            e
  255 0000020E F7FF FEF7       BL               zeroPulse   ; produce zero puls
                                                            e
  256 00000212 F7FF FEF5       BL               zeroPulse   ; produce zero puls
                                                            e
  257 00000216 F7FF FEF3       BL               zeroPulse   ; produce zero puls
                                                            e
  258 0000021A         ; blue (0x00)
  259 0000021A F7FF FEF1       BL               zeroPulse   ; produce zero puls
                                                            e
  260 0000021E F7FF FEEF       BL               zeroPulse   ; produce zero puls
                                                            e
  261 00000222 F7FF FEED       BL               zeroPulse   ; produce zero puls
                                                            e
  262 00000226 F7FF FF47       BL               onePulse    ; produce one pulse
                                                            
  263 0000022A F7FF FF45       BL               onePulse    ; produce one pulse
                                                            
  264 0000022E F7FF FF43       BL               onePulse    ; produce one pulse
                                                            
  265 00000232 F7FF FF41       BL               onePulse    ; produce one pulse
                                                            
  266 00000236 F7FF FF3F       BL               onePulse    ; produce one pulse
                                                            
  267 0000023A F85D EB04       POP              {LR}        ; restore initial l
                                                            ink register
  268 0000023E 4770            BX               LR          ; return
  269 00000240         
  270 00000240         orangeLights                         ; write all LEDs or
                                                            ange
  271 00000240 B500            PUSH             {LR}        ; store initial lin
                                                            k register
  272 00000242 4811            LDR              R0, =LEDS   ; R0 = register tha
                                                            t controls Port C G
                                                            PIO Pins
  273 00000244 F04F 0130       LDR              R1, =PINSHIGH ; R1 = value that
                                                             sets PC4-5 high
  274 00000248 F04F 0200       LDR              R2, =PINSLOW ; R2 = value that 
                                                            sets PC4-5 low
  275 0000024C F04F 0328       LDR              R3, =NUMLEDS ; R3 = number of L
                                                            EDs, times loop is 
                                                            repeated
  276 00000250         singleOrange                         ; write single LED 
                                                            orange
  277 00000250 F7FF FF8E       BL               orangeLED   ; produce signal fo
                                                            r single LED



ARM Macro Assembler    Page 7 


  278 00000254 F1A3 0301       SUB              R3, R3, #1  ; decrement counter
                                                             (R3)
  279 00000258 2B00            CMP              R3, #0      ; compare counter v
                                                            alue
  280 0000025A BF18            IT               NE          ; has counter reach
                                                            ed zero?
  281 0000025C E7F8            BNE              singleOrange ; if not, write an
                                                            other light
  282 0000025E F85D EB04       POP              {LR}        ; restore initial l
                                                            ink register
  283 00000262 4770            BX               LR          ; return
  284 00000264         
  285 00000264         blueLights                           ; write all LEDs bl
                                                            ue
  286 00000264 B500            PUSH             {LR}        ; store initial lin
                                                            k register
  287 00000266 4808            LDR              R0, =LEDS   ; R0 = register tha
                                                            t controls Port C G
                                                            PIO Pins
  288 00000268 F04F 0130       LDR              R1, =PINSHIGH ; R1 = value that
                                                             sets PC4-5 high
  289 0000026C F04F 0200       LDR              R2, =PINSLOW ; R2 = value that 
                                                            sets PC4-5 low
  290 00000270 F04F 0328       LDR              R3, =NUMLEDS ; R3 = number of L
                                                            EDs, times loop is 
                                                            repeated
  291 00000274         singleBlue                           ; write single LED 
                                                            blue
  292 00000274 F7FF FFB0       BL               blueLED     ; produce signal fo
                                                            r single LED
  293 00000278 F1A3 0301       SUB              R3, R3, #1  ; decrement counter
                                                             (R3)
  294 0000027C 2B00            CMP              R3, #0      ; compare counter v
                                                            alue
  295 0000027E BF18            IT               NE          ; has counter reach
                                                            ed zero?
  296 00000280 E7F8            BNE              singleBlue  ; if not, write ano
                                                            ther light
  297 00000282 F85D EB04       POP              {LR}        ; restore initial l
                                                            ink register
  298 00000286 4770            BX               LR          ; return
  299 00000288         
  300 00000288                 ALIGN                        ; make sure the end
                                                             of this section is
                                                             aligned
  301 00000288                 END                          ; end of file
              400060C0 
Command Line: --debug --xref --cpu=Cortex-M4 --apcs=interwork --depend=.\lights
asm.d -o.\lightsasm.o -IC:\Keil\ARM\RV31\INC -IC:\Keil\ARM\CMSIS\Include -IC:\K
eil\ARM\Inc\Luminary --predefine="__EVAL SETA 1" --list=.\lightsasm.lst lightsA
SM.s



ARM Macro Assembler    Page 1 Alphabetic symbol ordering
Relocatable symbols

.text 00000000

Symbol: .text
   Definitions
      At line 13 in file lightsASM.s
   Uses
      None
Comment: .text unused
blueLED 000001D8

Symbol: blueLED
   Definitions
      At line 238 in file lightsASM.s
   Uses
      At line 292 in file lightsASM.s
Comment: blueLED used once
blueLights 00000264

Symbol: blueLights
   Definitions
      At line 285 in file lightsASM.s
   Uses
      At line 16 in file lightsASM.s
Comment: blueLights used once
onePulse 000000B8

Symbol: onePulse
   Definitions
      At line 112 in file lightsASM.s
   Uses
      At line 213 in file lightsASM.s
      At line 214 in file lightsASM.s
      At line 215 in file lightsASM.s
      At line 216 in file lightsASM.s
      At line 221 in file lightsASM.s
      At line 222 in file lightsASM.s
      At line 223 in file lightsASM.s
      At line 224 in file lightsASM.s
      At line 225 in file lightsASM.s
      At line 245 in file lightsASM.s
      At line 246 in file lightsASM.s
      At line 247 in file lightsASM.s
      At line 248 in file lightsASM.s
      At line 262 in file lightsASM.s
      At line 263 in file lightsASM.s
      At line 264 in file lightsASM.s
      At line 265 in file lightsASM.s
      At line 266 in file lightsASM.s

orangeLED 00000170

Symbol: orangeLED
   Definitions
      At line 206 in file lightsASM.s
   Uses
      At line 277 in file lightsASM.s
Comment: orangeLED used once
orangeLights 00000240




ARM Macro Assembler    Page 2 Alphabetic symbol ordering
Relocatable symbols

Symbol: orangeLights
   Definitions
      At line 270 in file lightsASM.s
   Uses
      At line 15 in file lightsASM.s
Comment: orangeLights used once
singleBlue 00000274

Symbol: singleBlue
   Definitions
      At line 291 in file lightsASM.s
   Uses
      At line 296 in file lightsASM.s
Comment: singleBlue used once
singleOrange 00000250

Symbol: singleOrange
   Definitions
      At line 276 in file lightsASM.s
   Uses
      At line 281 in file lightsASM.s
Comment: singleOrange used once
zeroPulse 00000000

Symbol: zeroPulse
   Definitions
      At line 18 in file lightsASM.s
   Uses
      At line 209 in file lightsASM.s
      At line 210 in file lightsASM.s
      At line 211 in file lightsASM.s
      At line 212 in file lightsASM.s
      At line 218 in file lightsASM.s
      At line 219 in file lightsASM.s
      At line 220 in file lightsASM.s
      At line 227 in file lightsASM.s
      At line 228 in file lightsASM.s
      At line 229 in file lightsASM.s
      At line 230 in file lightsASM.s
      At line 231 in file lightsASM.s
      At line 232 in file lightsASM.s
      At line 233 in file lightsASM.s
      At line 234 in file lightsASM.s
      At line 241 in file lightsASM.s
      At line 242 in file lightsASM.s
      At line 243 in file lightsASM.s
      At line 244 in file lightsASM.s
      At line 250 in file lightsASM.s
      At line 251 in file lightsASM.s
      At line 252 in file lightsASM.s
      At line 253 in file lightsASM.s
      At line 254 in file lightsASM.s
      At line 255 in file lightsASM.s
      At line 256 in file lightsASM.s
      At line 257 in file lightsASM.s
      At line 259 in file lightsASM.s
      At line 260 in file lightsASM.s
      At line 261 in file lightsASM.s




ARM Macro Assembler    Page 3 Alphabetic symbol ordering
Relocatable symbols

9 symbols



ARM Macro Assembler    Page 1 Alphabetic symbol ordering
Absolute symbols

LEDS 400060C0

Symbol: LEDS
   Definitions
      At line 8 in file lightsASM.s
   Uses
      At line 272 in file lightsASM.s
      At line 287 in file lightsASM.s

NUMLEDS 00000028

Symbol: NUMLEDS
   Definitions
      At line 11 in file lightsASM.s
   Uses
      At line 275 in file lightsASM.s
      At line 290 in file lightsASM.s

PINSHIGH 00000030

Symbol: PINSHIGH
   Definitions
      At line 9 in file lightsASM.s
   Uses
      At line 273 in file lightsASM.s
      At line 288 in file lightsASM.s

PINSLOW 00000000

Symbol: PINSLOW
   Definitions
      At line 10 in file lightsASM.s
   Uses
      At line 274 in file lightsASM.s
      At line 289 in file lightsASM.s

4 symbols
346 symbols in table
